The target system is: Generic -  - 
The host system is: Linux - 4.19.128-microsoft-standard - x86_64
Compiling the C compiler identification source file "CMakeCCompilerId.c" succeeded.
Compiler: /opt/azurespheresdk/Sysroots/7/tools/sysroots/x86_64-pokysdk-linux/usr/bin/arm-poky-linux-musleabi/arm-poky-linux-musleabi-gcc 
Build flags: 
Id flags: -c 

The output was:
0


Compilation of the C compiler identification source "CMakeCCompilerId.c" produced "CMakeCCompilerId.o"

The C compiler identification is GNU, found in "/build/CMakeFiles/3.10.2/CompilerIdC/CMakeCCompilerId.o"

Determining if the C compiler works passed with the following output:
Change Dir: /build/CMakeFiles/CMakeTmp

Run Build Command:"/usr/bin/ninja" "cmTC_c6b83"
[1/2] Building C object CMakeFiles/cmTC_c6b83.dir/testCCompiler.c.obj
[2/2] Linking C static library libcmTC_c6b83.a


Detecting C compiler ABI info compiled with the following output:
Change Dir: /build/CMakeFiles/CMakeTmp

Run Build Command:"/usr/bin/ninja" "cmTC_f7fbe"
[1/2] Building C object CMakeFiles/cmTC_f7fbe.dir/CMakeCCompilerABI.c.obj
[2/2] Linking C static library libcmTC_f7fbe.a


Parsed C implicit link information from above output:
  link line regex: [^( *|.*[/\])(arm-poky-linux-musleabi-ld|CMAKE_LINK_STARTFILE-NOTFOUND|([^/\]+-)?ld|collect2)[^/\]*( |$)]
  ignore line: [Change Dir: /build/CMakeFiles/CMakeTmp]
  ignore line: []
  ignore line: [Run Build Command:"/usr/bin/ninja" "cmTC_f7fbe"]
  ignore line: [[1/2] Building C object CMakeFiles/cmTC_f7fbe.dir/CMakeCCompilerABI.c.obj]
  ignore line: [[2/2] Linking C static library libcmTC_f7fbe.a]
  ignore line: []
  implicit libs: []
  implicit dirs: []
  implicit fwks: []




Detecting C [-std=c11] compiler features compiled with the following output:
Change Dir: /build/CMakeFiles/CMakeTmp

Run Build Command:"/usr/bin/ninja" "cmTC_13596"
[1/2] Building C object CMakeFiles/cmTC_13596.dir/feature_tests.c.obj
[2/2] Linking C static library libcmTC_13596.a


    Feature record: C_FEATURE:1c_function_prototypes
    Feature record: C_FEATURE:1c_restrict
    Feature record: C_FEATURE:1c_static_assert
    Feature record: C_FEATURE:1c_variadic_macros


Detecting C [-std=c99] compiler features compiled with the following output:
Change Dir: /build/CMakeFiles/CMakeTmp

Run Build Command:"/usr/bin/ninja" "cmTC_2a91d"
[1/2] Building C object CMakeFiles/cmTC_2a91d.dir/feature_tests.c.obj
[2/2] Linking C static library libcmTC_2a91d.a


    Feature record: C_FEATURE:1c_function_prototypes
    Feature record: C_FEATURE:1c_restrict
    Feature record: C_FEATURE:1c_static_assert
    Feature record: C_FEATURE:1c_variadic_macros


Detecting C [-std=c90] compiler features compiled with the following output:
Change Dir: /build/CMakeFiles/CMakeTmp

Run Build Command:"/usr/bin/ninja" "cmTC_a54c5"
[1/2] Building C object CMakeFiles/cmTC_a54c5.dir/feature_tests.c.obj
[2/2] Linking C static library libcmTC_a54c5.a


    Feature record: C_FEATURE:1c_function_prototypes
    Feature record: C_FEATURE:1c_restrict
    Feature record: C_FEATURE:1c_static_assert
    Feature record: C_FEATURE:1c_variadic_macros
